0 info it worked if it ends with ok
1 verbose cli [ 'C:\\Program Files\\nodejs\\node.exe',
1 verbose cli   'd:\\users\\caoc\\AppData\\Roaming\\npm\\node_modules\\npm\\bin\\npm-cli.js',
1 verbose cli   'start' ]
2 info using npm@3.10.7
3 info using node@v4.4.7
4 verbose run-script [ 'prestart', 'start', 'poststart' ]
5 info lifecycle myexpress@0.0.0~prestart: myexpress@0.0.0
6 silly lifecycle myexpress@0.0.0~prestart: no script for prestart, continuing
7 info lifecycle myexpress@0.0.0~start: myexpress@0.0.0
8 verbose lifecycle myexpress@0.0.0~start: unsafe-perm in lifecycle true
9 verbose lifecycle myexpress@0.0.0~start: PATH: d:\users\caoc\AppData\Roaming\npm\node_modules\npm\bin\node-gyp-bin;D:\Project\nodeproject\myexpress\node_modules\.bin;C:\Program Files (x86)\Indigo\Indigo Reader;%APPCAN_PATH%;C:\AppCan\AppCanStudioPersonalV3.2\HDK\emulator\mas\;C:\WINDOWS\system32;C:\WINDOWS;C:\WINDOWS\System32\Wbem;C:\WINDOWS\System32\WindowsPowerShell\v1.0\;C:\Program Files (x86)\Microsoft SQL Server\100\Tools\Binn\;C:\Program Files\Microsoft SQL Server\100\Tools\Binn\;C:\Program Files\Microsoft SQL Server\100\DTS\Binn\;C:\Program Files (x86)\Microsoft SQL Server\100\Tools\Binn\VSShell\Common7\IDE\;C:\Program Files (x86)\Microsoft Visual Studio 9.0\Common7\IDE\PrivateAssemblies\;C:\Program Files (x86)\Microsoft SQL Server\100\DTS\Binn\;d:\Program Files\Git\cmd;C:\Program Files\nodejs\;%USERPROFILE%\.dnx\bin;C:\Program Files\Microsoft DNX\Dnvm\;C:\Program Files (x86)\Windows Kits\8.1\Windows Performance Toolkit\;C:\ProgramData\chocolatey\bin;D:\Program Files\Redis\;C:\Program Files\MySQL\MySQL Utilities 1.6\;C:\Program Files\Java\jdk1.8.0_121\bin;C:\Program Files (x86)\IDM Computer Solutions\UltraEdit\;C:\Program Files\nodejs\npm;D:\users\caoc\AppData\Roaming\npm;C:\Program Files (x86)\Microsoft VS Code\bin;D:\Program Files\Git\usr\bin;C:\Program Files (x86)\Microsoft VS Code\Code.exe;C:\Program Files\MySQL\MySQL Server 5.7\bin;D:\Program Files\apache-tomcat-8.5.11-windows-x64\apache-tomcat-8.5.11\bin;
10 verbose lifecycle myexpress@0.0.0~start: CWD: D:\Project\nodeproject\myexpress
11 silly lifecycle myexpress@0.0.0~start: Args: [ '/d /s /c', 'node ./bin/www' ]
12 silly lifecycle myexpress@0.0.0~start: Returned: code: 1  signal: null
13 info lifecycle myexpress@0.0.0~start: Failed to exec start script
14 verbose stack Error: myexpress@0.0.0 start: `node ./bin/www`
14 verbose stack Exit status 1
14 verbose stack     at EventEmitter.<anonymous> (d:\users\caoc\AppData\Roaming\npm\node_modules\npm\lib\utils\lifecycle.js:255:16)
14 verbose stack     at emitTwo (events.js:87:13)
14 verbose stack     at EventEmitter.emit (events.js:172:7)
14 verbose stack     at ChildProcess.<anonymous> (d:\users\caoc\AppData\Roaming\npm\node_modules\npm\lib\utils\spawn.js:40:14)
14 verbose stack     at emitTwo (events.js:87:13)
14 verbose stack     at ChildProcess.emit (events.js:172:7)
14 verbose stack     at maybeClose (internal/child_process.js:827:16)
14 verbose stack     at Process.ChildProcess._handle.onexit (internal/child_process.js:211:5)
15 verbose pkgid myexpress@0.0.0
16 verbose cwd D:\Project\nodeproject\myexpress
17 error Windows_NT 6.1.7601
18 error argv "C:\\Program Files\\nodejs\\node.exe" "d:\\users\\caoc\\AppData\\Roaming\\npm\\node_modules\\npm\\bin\\npm-cli.js" "start"
19 error node v4.4.7
20 error npm  v3.10.7
21 error code ELIFECYCLE
22 error myexpress@0.0.0 start: `node ./bin/www`
22 error Exit status 1
23 error Failed at the myexpress@0.0.0 start script 'node ./bin/www'.
23 error Make sure you have the latest version of node.js and npm installed.
23 error If you do, this is most likely a problem with the myexpress package,
23 error not with npm itself.
23 error Tell the author that this fails on your system:
23 error     node ./bin/www
23 error You can get information on how to open an issue for this project with:
23 error     npm bugs myexpress
23 error Or if that isn't available, you can get their info via:
23 error     npm owner ls myexpress
23 error There is likely additional logging output above.
24 verbose exit [ 1, true ]
